<?xml version="1.0" encoding="UTF-8"?>
<!-- Generated by org.testng.reporters.JUnitReportReporter -->
<testsuite skipped="0" hostname="DESKTOP-1AJD5AV" name="testcases.sample" tests="6" failures="0" timestamp="18 Jul 2017 20:14:45 GMT" time="0.015" errors="0">
  <testcase name="sam" time="0.003" classname="testcases.sample"/>
  <testcase name="sam" time="0.002" classname="testcases.sample"/>
  <testcase name="sam" time="0.001" classname="testcases.sample"/>
  <testcase name="sam" time="0.002" classname="testcases.sample"/>
  <testcase name="sam" time="0.001" classname="testcases.sample"/>
  <testcase name="sam" time="0.006" classname="testcases.sample"/>
</testsuite> <!-- testcases.sample -->
