<?xml version="1.0" encoding="UTF-8"?>
<!-- Generated by org.testng.reporters.JUnitReportReporter -->
<testsuite skipped="0" hostname="DESKTOP-1AJD5AV" name="testcases.TC002_LoginFailure" tests="4" failures="0" timestamp="28 May 2017 01:18:31 GMT" time="38.872" errors="0">
  <testcase name="login" time="9.497" classname="testcases.TC002_LoginFailure"/>
  <testcase name="login" time="11.793" classname="testcases.TC002_LoginFailure"/>
  <testcase name="login" time="8.712" classname="testcases.TC002_LoginFailure"/>
  <testcase name="login" time="8.870" classname="testcases.TC002_LoginFailure"/>
</testsuite> <!-- testcases.TC002_LoginFailure -->
