<?xml version="1.0" encoding="UTF-8"?>
<!-- Generated by org.testng.reporters.JUnitReportReporter -->
<testsuite skipped="0" hostname="DESKTOP-1AJD5AV" name="testcases.TC001_Loginnegative" tests="4" failures="0" timestamp="23 Jul 2017 05:54:54 GMT" time="42.296" errors="0">
  <testcase name="loginLogOut" time="9.700" classname="testcases.TC001_Loginnegative"/>
  <testcase name="loginLogOut" time="11.796" classname="testcases.TC001_Loginnegative"/>
  <testcase name="loginLogOut" time="11.028" classname="testcases.TC001_Loginnegative"/>
  <testcase name="loginLogOut" time="9.772" classname="testcases.TC001_Loginnegative"/>
</testsuite> <!-- testcases.TC001_Loginnegative -->
