<?xml version="1.0" encoding="UTF-8"?>
<!-- Generated by org.testng.reporters.JUnitReportReporter -->
<testsuite skipped="0" hostname="DESKTOP-1AJD5AV" name="testcases.TC001_LoginLogOut" tests="2" failures="0" timestamp="23 Jul 2017 05:54:54 GMT" time="25.666" errors="0">
  <testcase name="loginLogOut" time="12.073" classname="testcases.TC001_LoginLogOut"/>
  <testcase name="loginLogOut" time="13.593" classname="testcases.TC001_LoginLogOut"/>
</testsuite> <!-- testcases.TC001_LoginLogOut -->
