<?xml version="1.0" encoding="UTF-8"?>
<!-- Generated by org.testng.reporters.JUnitReportReporter -->
<testsuite hostname="DESKTOP-1AJD5AV" name="utils.reflections" tests="1" failures="0" timestamp="23 Jun 2017 05:40:03 GMT" time="0.037" errors="0">
  <testcase name="sample" time="0.037" classname="utils.reflections"/>
</testsuite> <!-- utils.reflections -->
